test icle

java.exe : INFO : Arguments: [redexport] [-r] [DemoRepo] [-c] [RED export] [-m] [wsDVDemo] [-v] [20210716] [-o] 
[C:\GitRepo3D\DemoTest\001\wsDVDemo20210716.xml] [-f]
At C:\Temp\Scripts\_work\6\s\Deploy_3D_to_REDPowershellWorks.ps1:82 char:17
+ ...   $output = & "$JAVA_EX" -Xmx512m -XX:MaxMetaspaceSize=256m -splash:  ...
+                 ~~~~~~~~~~~~~~~~~~~~~~~~~~~~~~~~~~~~~~~~~~~~~~~~~~~~~~~~~
    + CategoryInfo          : NotSpecified: (INFO : Argument...10716.xml] [-f]:String) [], RemoteException
    + FullyQualifiedErrorId : NativeCommandError
 
WARNING: An illegal reflective access operation has occurred
WARNING: Illegal reflective access by com.mitchellbosecke.pebble.node.expression.GetAttributeExpression 
(file:/C:/Program%20Files/WhereScape/WhereScape%203D/WhereScape-3D-HEAD-bundle.jar) to method 
java.util.HashMap$Node.getValue()
WARNING: Please consider reporting this to the maintainers of 
com.mitchellbosecke.pebble.node.expression.GetAttributeExpression
WARNING: Use --illegal-access=warn to enable warnings of further illegal reflective access operations
WARNING: All illegal access operations will be denied in a future release
WARN : Could not load sysWow64 DSNs
java.io.IOException: code: 0x1; stderr: ERROR: The system was unable to find the specified registry key or value.
	at com.wherescape.utility.WinRegistry.a(WinRegistry.java:97)
	at com.wherescape.utility.WinRegistry.readAllValuesAsString(WinRegistry.java:54)
	at com.wherescape.db.windows.Odbc.getSysWow64Dsns(Odbc.java:52)
	at com.wherescape.blue.logic.transformation.SourceSystemRedExport.a(Unknown Source)
	at com.wherescape.blue.logic.transformation.SourceSystemRedExport.a(Unknown Source)
	at com.wherescape.blue.logic.transformation.SourceSystemRedExport.export(Unknown Source)
	at com.wherescape.blue.logic.cli.CliRedExport.startProcess(Unknown Source)
	at com.wherescape.blue.logic.cli.CliProcess.startProcess(Unknown Source)
	at com.wherescape.blue.Blue.main(Unknown Source)
INFO : Export to RED completed
INFO : <metrics>
INFO : Scheduling from command line: 167
INFO : Connect to remote repository: 166
INFO : Advanced copy: 10
INFO : Manage data transformation: 9
INFO : Apply model conversions: 7
INFO : Manage target locations: 5
INFO : Export RED: 4
INFO : Discovery (jdbc): 2
INFO : Manage groups: 2
INFO : Test data transformation queries: 1
INFO : Queries executed from editor: 1
INFO : Discovery - Number of columns: max=6540  avg=6514 (measured 2 times)
INFO : Profiling - Number of columns: max=6540  avg=6514 (measured 2 times)
INFO : Discovery - Number of tables: max=258  avg=257 (measured 2 times)
INFO : Profiling - Number of tables: max=258  avg=257 (measured 2 times)
INFO : Discovery - Number of joins: max=23  avg=23 (measured 2 times)
INFO : Profiling - Number of relationships: max=15  avg=15 (measured 2 times)
INFO : Opening diagrams - Number of simultaneously opened diagrams: max=4  avg=1 (measured 24 times)
INFO : RED design category - Number of models: max=3  avg=1 (measured 12 times)
INFO : Load and staging category - Number of models: max=2  avg=1 (measured 10 times)
INFO : Source system category - Number of models: max=1  avg=1 (measured 2 times)
INFO : Star schema category - Number of models: max=1  avg=1 (measured 2 times)
INFO : Discovery - Number of relationships: max=0  avg=0 (measured 2 times)
INFO : </metrics>
Progress: DeploymentAppDeployCommand, Elapsed time is 0.106 seconds. Versioning old object 'dim_stage_customer'
Progress: DeploymentAppDeployCommand, Elapsed time is 0.101 seconds. Executed 10 statements on the metadata repository
Progress: DeploymentAppDeployCommand, Elapsed time is 0.102 seconds. Executed 40 statements on the metadata repository
Progress: DeploymentAppDeployCommand, Elapsed time is 0.101 seconds. Executed 70 statements on the metadata repository
Progress: DeploymentAppDeployCommand, Elapsed time is 0.100 seconds. Executed 98 statements on the metadata repository
Progress: DeploymentAppDeployCommand, Elapsed time is 0.100 seconds. Executed 134 statements on the metadata repository
Progress: DeploymentAppDeployCommand, Elapsed time is 0.101 seconds. Executing SQL "insert into ws_obj_object (oo_obj_key, oo_name, oo..." on metadata repository
Progress: DeploymentAppDeployCommand, Elapsed time is 0.100 seconds. Created 4 indexes
Record Set: "DeploymentApp"
	Record: "Deployment General"
		Field "Add Count" -> [0]
		Field "Replace Count" -> [8]
		Field "Create Count" -> [5]
		Field "Alter Count" -> [0]
		Field "Compile Count" -> [0]
		Field "Delete Count" -> [5]
		Field "Table Join Count" -> [208]
	Record: "Deployment Messages"
		Field "Key0_Value0" -> [Application import begins]
		Field "Key0_Value1" -> []
		Field "Key1_Value0" -> [dim_date]
		Field "Key1_Value1" -> [Will replace existing object]
		Field "Key2_Value0" -> [dim_stage_customer]
		Field "Key2_Value1" -> [Will replace existing object]
		Field "Key3_Value0" -> [fact_customer]
		Field "Key3_Value1" -> [Will replace existing object]
		Field "Key4_Value0" -> [dim_date_idx_0]
		Field "Key4_Value1" -> [Will replace existing object]
		Field "Key5_Value0" -> [dim_stage_Customer_idx_A]
		Field "Key5_Value1" -> [Will replace existing object]
		Field "Key6_Value0" -> [dim_stage_Customer_idx_SC]
		Field "Key6_Value1" -> [Will replace existing object]
		Field "Key7_Value0" -> [PK__stage_Cu__8D11509407B853C0]
		Field "Key7_Value1" -> [Will replace existing object]
		Field "Key8_Value0" -> [PK__stage_Cu__8D11509407B853C0_1]
		Field "Key8_Value1" -> [Will replace existing object]
		Field "Key9_Value0" -> [dim_date]
		Field "Key9_Value1" -> [Updating Metadata.....]
		Field "Key10_Value0" -> [dim_stage_customer]
		Field "Key10_Value1" -> [Updating Metadata.....]
		Field "Key11_Value0" -> [fact_customer]
		Field "Key11_Value1" -> [Updating Metadata.....]
		Field "Key12_Value0" -> [dim_date_idx_0]
		Field "Key12_Value1" -> [Updating Metadata.....]
		Field "Key13_Value0" -> [dim_stage_Customer_idx_A]
		Field "Key13_Value1" -> [Updating Metadata.....]
		Field "Key14_Value0" -> [dim_stage_Customer_idx_SC]
		Field "Key14_Value1" -> [Updating Metadata.....]
		Field "Key15_Value0" -> [PK__stage_Cu__8D11509407B853C0]
		Field "Key15_Value1" -> [Updating Metadata.....]
		Field "Key16_Value0" -> [PK__stage_Cu__8D11509407B853C0_1]
		Field "Key16_Value1" -> [Updating Metadata.....]
		Field "Key17_Value0" -> [dim_date]
		Field "Key17_Value1" -> [The table WhereScape.dbo.dim_date already exists.]
		Field "Key18_Value0" -> [dim_stage_customer]
		Field "Key18_Value1" -> [The table WhereScape.dbo.dim_stage_customer already exists.]
		Field "Key19_Value0" -> [fact_customer]
		Field "Key19_Value1" -> [The table WhereScape.dbo.fact_customer already exists.]
		Field "Key20_Value0" -> [dim_date_idx_0]
		Field "Key20_Value1" -> [Index  dim_date_idx_0 dropped.]
		Field "Key21_Value0" -> [dim_date_idx_0]
		Field "Key21_Value1" -> [Index  dim_date_idx_0 created.]
		Field "Key22_Value0" -> [dim_stage_Customer_idx_A]
		Field "Key22_Value1" -> [Index  dim_stage_Customer_idx_A dropped.]
		Field "Key23_Value0" -> [dim_stage_Customer_idx_A]
		Field "Key23_Value1" -> [Index  dim_stage_Customer_idx_A created.]
		Field "Key24_Value0" -> [dim_stage_Customer_idx_SC]
		Field "Key24_Value1" -> [Index  dim_stage_Customer_idx_SC dropped.]
		Field "Key25_Value0" -> [dim_stage_Customer_idx_SC]
		Field "Key25_Value1" -> [Index  dim_stage_Customer_idx_SC created.]
		Field "Key26_Value0" -> [PK__stage_Cu__8D11509407B853C0]
		Field "Key26_Value1" -> [Index  PK__stage_Cu__8D11509407B853C0 dropped.]
		Field "Key27_Value0" -> [PK__stage_Cu__8D11509407B853C0]
		Field "Key27_Value1" -> [Index  PK__stage_Cu__8D11509407B853C0 created.]
		Field "Key28_Value0" -> [PK__stage_Cu__8D11509407B853C0_1]
		Field "Key28_Value1" -> [Index  PK__stage_Cu__8D11509407B853C0_1 dropped.]
		Field "Key29_Value0" -> [PK__stage_Cu__8D11509407B853C0_1]
		Field "Key29_Value1" -> [Index  PK__stage_Cu__8D11509407B853C0_1 created.]
		Field "Key30_Value0" -> [dim_date]
		Field "Key30_Value1" -> [Skipping generate update routine. Could not find a linked template or a default template.]
		Field "Key31_Value0" -> [dim_stage_customer]
		Field "Key31_Value1" -> [Skipping generate update routine. Could not find a linked template or a default template.]
		Field "Key32_Value0" -> [fact_customer]
		Field "Key32_Value1" -> [Skipping generate update routine. Could not find a linked template or a default template.]
		Field "Key33_Value0" -> [Application import complete]
	Record: "Deployment Fatal Error"
		Field "Fatal Error" -> []
	Record: "Summary Messages"
		Field "0" -> [dim_date - Will replace existing object]
		Field "1" -> [dim_stage_customer - Will replace existing object]
		Field "2" -> [fact_customer - Will replace existing object]
		Field "3" -> [dim_date_idx_0 - Will replace existing object]
		Field "4" -> [dim_stage_Customer_idx_A - Will replace existing object]
		Field "5" -> [dim_stage_Customer_idx_SC - Will replace existing object]
		Field "6" -> [PK__stage_Cu__8D11509407B853C0 - Will replace existing object]
		Field "7" -> [PK__stage_Cu__8D11509407B853C0_1 - Will replace existing object]
	Record: "Summary General"
		Field "App Number" -> [wsDVDemo]
		Field "App Version" -> [20210716]
		Field "App Name" -> [wsDVDemo - 20210716]
		Field "App Description" -> [Generated by WhereScape 3D version 8.5.2.2-202008201339 at Fri 20 Aug 2021 13:43:19]
		Field "RED Version" -> [8.5.0.0]
		Field "New Job" -> [0]
		Field "Replace Job" -> [0]
		Field "New Parameter" -> [0]
		Field "Replace Parameter" -> [0]
		Field "New Object" -> [0]
		Field "Replace Object" -> [8]
		Field "Delete Object" -> [0]
	Record: "Summary Affected Jobs"
Completed successfully.
Deploying the application succeeded
